2025-09-18 19:54:40 [INFO] __main__ - Running ToC extraction -> data/output\usb_pd_toc.jsonl
2025-09-18 19:54:40 [DEBUG] src.utils - Autodetecting ToC range in data/input/USB_PD.pdf
2025-09-18 19:54:43 [DEBUG] src.utils - Found ToC start marker on page 13
2025-09-18 19:54:45 [DEBUG] src.utils - Found ToC end marker near page 19 -> end=18
2025-09-18 19:54:45 [INFO] src.run - Auto-detected ToC pages 13-18 for data/input/USB_PD.pdf
2025-09-18 19:54:45 [DEBUG] src.utils - Extracting text lines from data/input/USB_PD.pdf pages 13-18
2025-09-18 19:54:48 [DEBUG] src.utils - Extracted 313 lines from data/input/USB_PD.pdf
2025-09-18 19:54:48 [INFO] src.toc - Wrote 299 ToC entries to data/output\usb_pd_toc.jsonl
2025-09-18 19:54:48 [INFO] src.run - Wrote 299 ToC entries to data/output\usb_pd_toc.jsonl
2025-09-18 19:54:48 [INFO] __main__ - [1/3] ToC -> data/output\usb_pd_toc.jsonl
2025-09-18 19:54:48 [INFO] __main__ - Running chunk extraction -> data/output\usb_pd_spec.jsonl
2025-09-18 19:54:48 [DEBUG] src.utils - Extracting all pages from data/input/USB_PD.pdf
2025-09-18 19:58:35 [DEBUG] src.utils - Extracted 1047 pages from data/input/USB_PD.pdf
2025-09-18 19:58:35 [DEBUG] src.utils - Autodetecting ToC range in data/input/USB_PD.pdf
2025-09-18 19:58:37 [DEBUG] src.utils - Found ToC start marker on page 13
2025-09-18 19:58:39 [DEBUG] src.utils - Found ToC end marker near page 19 -> end=18
2025-09-18 19:58:39 [INFO] src.run - Skipping ToC pages 13-18 during chunking for data/input/USB_PD.pdf
2025-09-18 19:58:39 [INFO] src.validate - Loaded 299 ToC entries from data/output\usb_pd_toc.jsonl
2025-09-18 19:58:40 [DEBUG] src.run - Built 299 chunks using provided ToC
2025-09-18 19:58:40 [INFO] src.run - Wrote 299 chunks to data/output\usb_pd_spec.jsonl
2025-09-18 19:58:40 [INFO] __main__ - [2/3] Chunks -> data/output\usb_pd_spec.jsonl
2025-09-18 19:58:40 [INFO] __main__ - Loading ToC from data/output\usb_pd_toc.jsonl
2025-09-18 19:58:40 [INFO] src.validate - Loaded 299 ToC entries from data/output\usb_pd_toc.jsonl
2025-09-18 19:58:40 [INFO] __main__ - Loading chunks from data/output\usb_pd_spec.jsonl
2025-09-18 19:58:40 [INFO] src.validate - Loaded 299 chunks from data/output\usb_pd_spec.jsonl
2025-09-18 19:58:40 [INFO] src.validate - Matching results: 0 missing, 0 extra, 0 out-of-order, 299 matched
2025-09-18 19:58:42 [INFO] __main__ - Wrote validation Excel -> data/output\ValidationReport.xlsx
2025-09-18 19:58:42 [INFO] __main__ - [3/3] Validation Excel -> data/output\ValidationReport.xlsx
